
blupf90.par
     BLUPF90+ ver. 2.60

 Parameter file:             blupf90.par
 Data file:                  renf90.dat
 Number of Traits             1
 Number of Effects            3
 Position of Observations      1
 Position of Weights           0
 Value of Missing Trait/Observation           0

EFFECTS
 #  type                position (2)        levels   [positions for nested]
    1  cross-classified       2         1
    2  cross-classified       3      2529
    3  cross-classified       4      5337

 Residual (co)variance Matrix
  1.0000    

 Random Effect(s)    2
 Type of Random Effect:      diagonal
 trait   effect    (CO)VARIANCES
  1       2    0.5000E-01

 Random Effect(s)    3
 Type of Random Effect:      additive animal with unknown parent groups and inbreeding
 Pedigree File:              renadd03.ped                                                                                                                                                                                                                                              
 trait   effect    (CO)VARIANCES
  1       3     1.000    

 REMARKS
  (1) Weight position 0 means no weights utilized
  (2) Effect positions of 0 for some effects and traits means that such
      effects are missing for specified traits
 

 * The limited number of OpenMP threads = 4

 * BLUPF90+ sparse operations version
 
 * START JOB (BLUPF90): 09-24-2025  09h 56m 50s 023
 
 * convergence criterion (default=1e-12):  1.0000000E-12
 * maximum number of iterations (default=10000):        1000
 * block size for block diagonal matrix (default=1):           1
 * missing observation (default=0):       -9999
 * sparse package: YAMS
 
 IJA4 version
 Data record length =            4

Read 2804 records in 9.40 s,  13471 nonzeroes


Read 5337 additive pedigrees

finished peds (BLUP) in 9.40 s,  27749 nonzeroes

round =     1  convergence =  0.2877    
round =     2  convergence =  0.4804E-01
round =     3  convergence =  0.2085E-01
round =     4  convergence =  0.4382E-02
round =     5  convergence =  0.1622E-02
round =     6  convergence =  0.2759E-02
round =     7  convergence =  0.3153E-03
round =     8  convergence =  0.2031E-03
round =     9  convergence =  0.2785E-03
round =    10  convergence =  0.1991E-03
round =    11  convergence =  0.6204E-04
round =    12  convergence =  0.9937E-04
round =    13  convergence =  0.6979E-04
round =    14  convergence =  0.4856E-04
round =    15  convergence =  0.7145E-04
round =    16  convergence =  0.6775E-04
round =    17  convergence =  0.3244E-04
round =    18  convergence =  0.2461E-04
round =    19  convergence =  0.1951E-04
round =    20  convergence =  0.9889E-05
round =    21  convergence =  0.7622E-05
round =    22  convergence =  0.9062E-05
round =    23  convergence =  0.1721E-05
round =    24  convergence =  0.8947E-06
round =    25  convergence =  0.3918E-06
round =    26  convergence =  0.2134E-06
round =    27  convergence =  0.1113E-06
round =    28  convergence =  0.5034E-07
round =    29  convergence =  0.2627E-07
round =    30  convergence =  0.1090E-07
round =    31  convergence =  0.6188E-08
round =    32  convergence =  0.2625E-08
round =    33  convergence =  0.1310E-08
round =    34  convergence =  0.5934E-09
round =    35  convergence =  0.2311E-09
round =    36  convergence =  0.1444E-09
round =    37  convergence =  0.5406E-10
round =    38  convergence =  0.3211E-10
round =    39  convergence =  0.1591E-10
round =    40  convergence =  0.6027E-11
round =    41  convergence =  0.3498E-11
round =    42  convergence =  0.1400E-11
round =    43  convergence =  0.7410E-12
   43 iterations,   convergence criterion= 0.7410E-12
 solutions stored in file: "solutions"
 *** Statistical Method: BLUP                
 * FINISHED (BLUPF90): 09-24-2025  09h 56m 51s 170
