
blupf90.par
     BLUPF90+ ver. 2.60

 Parameter file:             blupf90.par
 Data file:                  renf90.dat
 Number of Traits             1
 Number of Effects            3
 Position of Observations      1
 Position of Weights           0
 Value of Missing Trait/Observation           0

EFFECTS
 #  type                position (2)        levels   [positions for nested]
    1  cross-classified       2         1
    2  cross-classified       3      2529
    3  cross-classified       4      6443

 Residual (co)variance Matrix
  1.0000    

 Random Effect(s)    2
 Type of Random Effect:      diagonal
 trait   effect    (CO)VARIANCES
  1       2    0.5000E-01

 Random Effect(s)    3
 Type of Random Effect:      additive animal with unknown parent groups and inbreeding
 Pedigree File:              renadd03.ped                                                                                                                                                                                                                                              
 trait   effect    (CO)VARIANCES
  1       3     1.000    

 REMARKS
  (1) Weight position 0 means no weights utilized
  (2) Effect positions of 0 for some effects and traits means that such
      effects are missing for specified traits
 

 * The limited number of OpenMP threads = 4

 * BLUPF90+ sparse operations version
 
 * START JOB (BLUPF90): 10-02-2025  16h 15m 43s 852
 
 * convergence criterion (default=1e-12):  1.0000000E-12
 * maximum number of iterations (default=10000):        1000
 * block size for block diagonal matrix (default=1):           1
 * missing observation (default=0):       -9999
 * sparse package: YAMS
 

 Options read from parameter file for genomic
 * SNP format: BLUPF90 standard (text)
 * SNP file: ../data/processed/genotypes_fixed_corrected.txt
 * SNP Xref file: ../data/processed/genotypes_fixed_corrected.txt_XrefID
 * use YAMS package for sparse computation (default=.false.)
 IJA4 version
 Data record length =            4

Read 2804 records in 10.20 s,  13471 nonzeroes


Read 6443 additive pedigrees
 
 *--------------------------------------------------------------*
 *                 Genomic Library: Dist Version 1.319          *
 *                                                              *
 *             Optimized OpenMP Version -   4 threads            *
 *                                                              *
 *  Modified relationship matrix (H) created for effect:   3    *
 *--------------------------------------------------------------*
 
 Read 6443 animals from pedigree file: "renadd03.ped"
 Number of Genotyped Animals: 3534

 Creating A22 
    Extracting subset of: 6443 pedigrees from: 6443 elapsed time:     0.0011
    Calculating A22 Matrix by Colleau OpenMP...elapsed time: .0471
    Numbers of threads=4 4

 Reading SNP file
    Column position in file for the first marker: 6
    Format to read SNP file: (5x,400000i1)                                     
    Number of SNPs: 52843
    Format: integer genotypes (0 to 5) to double-precision array
    Number of Genotyped animals: 3534
    Reading SNP file elapsed time: 3.65
 
 Statistics of alleles frequencies in the current population
    N:          52843
    Mean:       0.514
    Min:        0.001
    Max:        0.999
    Var:        0.089
 
 Quality Control - SNPs with Call Rate < callrate ( 0.90) will removed: 0
 
 Quality Control - SNPs with MAF < minfreq ( 0.05) will removed: 7439
 
 Quality Control - Monomorphic SNPs will be removed: 0

 Quality Control - Removed Animals with Call rate < callrate ( 0.90): 0

 Quality Control - Check Parent-Progeny Mendelian conflicts

    Total animals: 6443 - Genotyped animals: 3534 - Effective: 3534

    Number of pairs Individual - Sire: 2089
    Number of pairs Individual - Dam: 1429
    Number of trios Individual - Sire - Dam: 1022

    No sex Chromosome information is available !!
    QC for parent-progeny conflicts, HWE or heritability of gene content, could eliminate SNPs in sex Chr
    Provide map information and sex Chr to perform QC using autosomes

 Checking SNPs for Mendelian conflicts

    Total number of effective SNP: 45404
    Total number of parent-progeny evaluations: 3518
    Number of SNPs with Mendelian conflicts: 0

 Checking Animals for Mendelian conflicts

    Total number of effective SNP for checks on Animals: 45404

    Number of Parent-Progeny Mendelian Conflicts: 0

 Number of effective SNPs (after QC): 45404

 Number of effective Individuals (after QC): 3534
 
 Statistics of alleles frequencies in the current population after
 Quality Control (MAF, monomorphic, call rate, HWE, Mendelian conflicts)
    N:          45404
    Mean:       0.508
    Min:        0.050
    Max:        0.950
    Var:        0.066

 Genotypes missings : 26289426

 # genotypes : 3534

 # genotypes animals : 52843

 Genotypes missings (%): 14.078

 Genotypes missings after cleannig (%):  0.000

 Genotypes missings : 0

 # genotypes : 3534

 # genotypes animals : 45404

 Calculating G Matrix 
    Dgemm MKL #threads=     4    4 Elapsed omp_get_time:     6.9681
 
 Scale by Sum(2pq). Average:   16719.8835182297     

 Detecting samples with similar genotypes
    elapsed time=     0.0
 Tuning G prior to blending with A22

 Tuning: Scale G matrix according to A22 -  Method: 2
    Diagonal A:    1.017    Offdiagonal A:    0.021    All A:    0.021    Difference:   0.996
    Diagonal G:    1.033    Offdiagonal G:   -0.000    All G:    0.000    Difference:   1.033
    Diff G Diag - G OffDiag:    1.033    (da-oa)/(dg-og):    0.964
    Diff A OffDiag - G OffDiag:    0.021
    Diff A all - G all:    0.021
    a + G*b; a:  0.021       b:  0.964
 Method to select individuals: 1
 Number of individual selected: 3534
 
 Blend G as alpha*G + beta*A22: (alpha,beta)     0.950     0.050

 Frequency - Diagonal of G
    N:        3534
    Mean:        1.017
    Min:         0.843
    Max:         1.579
    Range:       0.037
    Class:     20
 
  #Class       Class   Count
       1  0.8432          38
       2  0.8800         306
       3  0.9167         716
       4  0.9535         796
       5  0.9903         481
       6   1.027         256
       7   1.064         147
       8   1.101         217
       9   1.138         233
      10   1.174         201
      11   1.211          92
      12   1.248          43
      13   1.285           5
      14   1.321           1
      15   1.358           1
      16   1.395           0
      17   1.432           0
      18   1.469           0
      19   1.505           0
      20   1.542           1
      21   1.579           0
 

 Check for diagonal of genomic relationship matrix


 Check for diagonal of genomic relationship matrix, genotypes not removed: 0

 ------------------------------
  Final Pedigree-Based Matrix 
 ------------------------------
 
 Statistic of Rel. Matrix A22
                                N      Mean       Min       Max       Var
     Diagonal                3534     1.017     1.000     1.259     0.001
     Off-diagonal        12485622     0.021     0.000     0.723     0.002
 

 ----------------------
  Final Genomic Matrix 
 ----------------------
 
 Statistic of Genomic Matrix
                                N      Mean       Min       Max       Var
     Diagonal                3534     1.017     0.843     1.579     0.009
     Off-diagonal        12485622     0.021    -0.179     0.864     0.006
 

 Correlation of Genomic Inbreeding and Pedigree Inbreeding
     Correlation:    -0.0097
 
 Diagonal elements
    Estimating Regression Coefficients G = b0 11' + b1 A + e
    Regression coefficients b0 b1 =      1.052    -0.035

    Correlation diagonal elements G & A    -0.010
 
 All elements - Diagonal / Off-Diagonal
    Estimating Regression Coefficients G = b0 11' + b1 A + e
    Regression coefficients b0 b1 =     -0.001     1.061

    Correlation all elements G & A     0.602
 
 Off-Diagonal
    Using 3633816 elements from A22 >= .02000

    Estimating Regression Coefficients G = b0 11' + b1 A + e
    Regression coefficients b0 b1 =      0.010     0.958

    Correlation Off-Diagonal elements G & A     0.662
 

 Creating A22-inverse 
    Inverse LAPACK MKL dpotrf/i  #threads=    4    4 Elapsed omp_get_time:     1.1425

 ----------------------
  Final A22 Inv Matrix 
 ----------------------
 
 Statistic of Inv. Rel. Matrix A22
                                N      Mean       Min       Max       Var
     Diagonal                3534     2.163     1.000    28.372     2.087
     Off-diagonal        12485622    -0.001    -1.162     3.658     0.001
 
 
 Creating G-inverse 
    Inverse LAPACK MKL dpotrf/i  #threads=    4    4 Elapsed omp_get_time:     0.2759

 --------------------------
  Final Genomic Inv Matrix 
 --------------------------
 
 Statistic of Inv. Genomic Matrix
                                N      Mean       Min       Max       Var
     Diagonal                3534     8.376     1.216    84.921    29.539
     Off-diagonal        12485622    -0.002    -7.474    12.208     0.022
 

 Check for diagonal of Inverse Genomic - Inverse of pedigree relationship matrix


 ------------------------------
  Final G Inv - A22 Inv Matrix 
 ------------------------------
 
 Statistic of Inv. Genomic - A22 Matrix
                                N      Mean       Min       Max       Var
     Diagonal                3534     6.212     0.216    60.718    16.855
     Off-diagonal        12485622    -0.002    -6.388     9.053     0.018
 

*--------------------------------------------------*
* Setup Genomic Done !!!, elapsed time:     33.275 *
*--------------------------------------------------*

hash matrix increased from          131072 to          262144 % filled:     0.8000
hash matrix increased from          262144 to          524288 % filled:     0.8000
hash matrix increased from          524288 to         1048576 % filled:     0.8000
hash matrix increased from         1048576 to         2097152 % filled:     0.8000
hash matrix increased from         2097152 to         4194304 % filled:     0.8000
hash matrix increased from         4194304 to         8388608 % filled:     0.8000

finished peds (BLUP) in 60.86 s,  6269755 nonzeroes

 
 *** Advise: running BLUPF90+ --dense might speed up computations
 
round =     1  convergence =  0.2273    
round =     2  convergence =  0.2093    
round =     3  convergence =  0.1066    
round =     4  convergence =  0.1140    
round =     5  convergence =  0.1873E-01
round =     6  convergence =  0.5878E-01
round =     7  convergence =  0.1101E-01
round =     8  convergence =  0.1097E-01
round =     9  convergence =  0.7415E-02
round =    10  convergence =  0.2724E-02
round =    11  convergence =  0.3042E-02
round =    12  convergence =  0.1087E-02
round =    13  convergence =  0.1505E-02
round =    14  convergence =  0.4068E-03
round =    15  convergence =  0.8598E-03
round =    16  convergence =  0.2823E-03
round =    17  convergence =  0.2686E-03
round =    18  convergence =  0.2096E-03
round =    19  convergence =  0.9440E-04
round =    20  convergence =  0.1196E-03
round =    21  convergence =  0.5205E-04
round =    22  convergence =  0.5120E-04
round =    23  convergence =  0.3127E-04
round =    24  convergence =  0.4134E-04
round =    25  convergence =  0.2280E-04
round =    26  convergence =  0.2419E-04
round =    27  convergence =  0.1650E-04
round =    28  convergence =  0.1237E-04
round =    29  convergence =  0.1316E-04
round =    30  convergence =  0.6283E-05
round =    31  convergence =  0.5770E-05
round =    32  convergence =  0.3413E-05
round =    33  convergence =  0.2996E-05
round =    34  convergence =  0.2164E-05
round =    35  convergence =  0.2462E-05
round =    36  convergence =  0.1857E-05
round =    37  convergence =  0.1156E-05
round =    38  convergence =  0.1198E-05
round =    39  convergence =  0.1054E-05
round =    40  convergence =  0.1119E-05
round =    41  convergence =  0.9587E-06
round =    42  convergence =  0.6945E-06
round =    43  convergence =  0.6966E-06
round =    44  convergence =  0.6704E-06
round =    45  convergence =  0.4835E-06
round =    46  convergence =  0.3926E-06
round =    47  convergence =  0.3728E-06
round =    48  convergence =  0.4295E-06
round =    49  convergence =  0.3716E-06
round =    50  convergence =  0.1862E-06
round =    51  convergence =  0.1504E-06
round =    52  convergence =  0.1452E-06
round =    53  convergence =  0.2253E-06
round =    54  convergence =  0.2332E-06
round =    55  convergence =  0.1458E-06
round =    56  convergence =  0.1075E-06
round =    57  convergence =  0.1232E-06
round =    58  convergence =  0.1620E-06
round =    59  convergence =  0.1382E-06
round =    60  convergence =  0.1122E-06
round =    61  convergence =  0.1461E-06
round =    62  convergence =  0.2039E-06
round =    63  convergence =  0.1908E-06
round =    64  convergence =  0.1066E-06
round =    65  convergence =  0.8562E-07
round =    66  convergence =  0.1208E-06
round =    67  convergence =  0.2053E-06
round =    68  convergence =  0.2055E-06
round =    69  convergence =  0.1555E-06
round =    70  convergence =  0.1402E-06
round =    71  convergence =  0.1683E-06
round =    72  convergence =  0.1791E-06
round =    73  convergence =  0.1544E-06
round =    74  convergence =  0.1720E-06
round =    75  convergence =  0.2384E-06
round =    76  convergence =  0.2459E-06
round =    77  convergence =  0.1594E-06
round =    78  convergence =  0.1365E-06
round =    79  convergence =  0.1130E-06
round =    80  convergence =  0.1221E-06
round =    81  convergence =  0.1221E-06
round =    82  convergence =  0.9146E-07
round =    83  convergence =  0.7263E-07
round =    84  convergence =  0.6176E-07
round =    85  convergence =  0.5062E-07
round =    86  convergence =  0.3988E-07
round =    87  convergence =  0.3339E-07
round =    88  convergence =  0.2649E-07
round =    89  convergence =  0.2163E-07
round =    90  convergence =  0.1364E-07
round =    91  convergence =  0.1122E-07
round =    92  convergence =  0.8553E-08
round =    93  convergence =  0.5769E-08
round =    94  convergence =  0.4661E-08
round =    95  convergence =  0.3314E-08
round =    96  convergence =  0.2529E-08
round =    97  convergence =  0.1918E-08
round =    98  convergence =  0.1432E-08
round =    99  convergence =  0.9402E-09
round =   100  convergence =  0.8186E-09
round =   101  convergence =  0.6131E-09
round =   102  convergence =  0.4610E-09
round =   103  convergence =  0.3729E-09
round =   104  convergence =  0.2851E-09
round =   105  convergence =  0.2668E-09
round =   106  convergence =  0.1893E-09
round =   107  convergence =  0.1540E-09
round =   108  convergence =  0.1167E-09
round =   109  convergence =  0.9459E-10
round =   110  convergence =  0.7903E-10
round =   111  convergence =  0.6251E-10
round =   112  convergence =  0.4791E-10
round =   113  convergence =  0.3533E-10
round =   114  convergence =  0.2763E-10
round =   115  convergence =  0.1925E-10
round =   116  convergence =  0.1426E-10
round =   117  convergence =  0.1032E-10
round =   118  convergence =  0.7586E-11
round =   119  convergence =  0.5012E-11
round =   120  convergence =  0.3690E-11
round =   121  convergence =  0.2524E-11
round =   122  convergence =  0.1886E-11
round =   123  convergence =  0.1342E-11
round =   124  convergence =  0.8852E-12
  124 iterations,   convergence criterion= 0.8852E-12
 solutions stored in file: "solutions"
 *** Statistical Method: BLUP                
 * FINISHED (BLUPF90): 10-02-2025  16h 16m 25s 777
